# JRE version: OpenJDK Runtime Environment (8.0_152-b01) (build 1.8.0_152-release-915-b01)
# Java VM: OpenJDK 64-Bit Server VM (25.152-b01 mixed mode windows-amd64 compressed oops)
Heap:
 PSYoungGen      total 89600K, used 42302K [0x00000000e0000000, 0x00000000e7e00000, 0x0000000100000000)
  eden space 82944K, 42% used [0x00000000e0000000,0x00000000e22d13f8,0x00000000e5100000)
  from space 6656K, 99% used [0x00000000e5100000,0x00000000e577e6a0,0x00000000e5780000)
  to   space 9216K, 0% used [0x00000000e7500000,0x00000000e7500000,0x00000000e7e00000)
 ParOldGen       total 43008K, used 18367K [0x00000000a0000000, 0x00000000a2a00000, 0x00000000e0000000)
  object space 43008K, 42% used [0x00000000a0000000,0x00000000a11efe28,0x00000000a2a00000)
 Metaspace       used 45747K, capacity 46816K, committed 47192K, reserved 1089536K
  class space    used 6064K, capacity 6421K, committed 6528K, reserved 1048576K
GC Heap History (10 events):
Event: 53.991 GC heap before
{Heap before GC invocations=15 (full 1):
 PSYoungGen      total 48128K, used 46615K [0x00000000e0000000, 0x00000000e4280000, 0x0000000100000000)
  eden space 41472K, 100% used [0x00000000e0000000,0x00000000e2880000,0x00000000e2880000)
  from space 6656K, 77% used [0x00000000e2880000,0x00000000e2d85d18,0x00000000e2f00000)
  to   space 6656K, 0% used [0x00000000e3c00000,0x00000000e3c00000,0x00000000e4280000)
 ParOldGen       total 32768K, used 12681K [0x00000000a0000000, 0x00000000a2000000, 0x00000000e0000000)
  object space 32768K, 38% used [0x00000000a0000000,0x00000000a0c62578,0x00000000a2000000)
 Metaspace       used 34693K, capacity 35360K, committed 35416K, reserved 1079296K
  class space    used 4704K, capacity 4977K, committed 4992K, reserved 1048576K
Event: 54.032 GC heap after
Heap after GC invocations=15 (full 1):
 PSYoungGen      total 60416K, used 2151K [0x00000000e0000000, 0x00000000e4200000, 0x0000000100000000)
  eden space 54272K, 0% used [0x00000000e0000000,0x00000000e0000000,0x00000000e3500000)
  from space 6144K, 35% used [0x00000000e3c00000,0x00000000e3e19e88,0x00000000e4200000)
  to   space 6656K, 0% used [0x00000000e3500000,0x00000000e3500000,0x00000000e3b80000)
 ParOldGen       total 32768K, used 15445K [0x00000000a0000000, 0x00000000a2000000, 0x00000000e0000000)
  object space 32768K, 47% used [0x00000000a0000000,0x00000000a0f15588,0x00000000a2000000)
 Metaspace       used 34693K, capacity 35360K, committed 35416K, reserved 1079296K
  class space    used 4704K, capacity 4977K, committed 4992K, reserved 1048576K
}
Event: 54.054 GC heap before
{Heap before GC invocations=16 (full 1):
 PSYoungGen      total 60416K, used 3220K [0x00000000e0000000, 0x00000000e4200000, 0x0000000100000000)
  eden space 54272K, 1% used [0x00000000e0000000,0x00000000e010b388,0x00000000e3500000)
  from space 6144K, 35% used [0x00000000e3c00000,0x00000000e3e19e88,0x00000000e4200000)
  to   space 6656K, 0% used [0x00000000e3500000,0x00000000e3500000,0x00000000e3b80000)
 ParOldGen       total 32768K, used 15445K [0x00000000a0000000, 0x00000000a2000000, 0x00000000e0000000)
  object space 32768K, 47% used [0x00000000a0000000,0x00000000a0f15588,0x00000000a2000000)
 Metaspace       used 34706K, capacity 35360K, committed 35416K, reserved 1079296K
  class space    used 4706K, capacity 4977K, committed 4992K, reserved 1048576K
Event: 54.071 GC heap after
Heap after GC invocations=16 (full 1):
 PSYoungGen      total 60928K, used 128K [0x00000000e0000000, 0x00000000e6100000, 0x0000000100000000)
  eden space 54272K, 0% used [0x00000000e0000000,0x00000000e0000000,0x00000000e3500000)
  from space 6656K, 1% used [0x00000000e3500000,0x00000000e3520000,0x00000000e3b80000)
  to   space 7168K, 0% used [0x00000000e5a00000,0x00000000e5a00000,0x00000000e6100000)
 ParOldGen       total 32768K, used 16585K [0x00000000a0000000, 0x00000000a2000000, 0x00000000e0000000)
  object space 32768K, 50% used [0x00000000a0000000,0x00000000a10325f8,0x00000000a2000000)
 Metaspace       used 34706K, capacity 35360K, committed 35416K, reserved 1079296K
  class space    used 4706K, capacity 4977K, committed 4992K, reserved 1048576K
}
Event: 54.071 GC heap before
{Heap before GC invocations=17 (full 2):
 PSYoungGen      total 60928K, used 128K [0x00000000e0000000, 0x00000000e6100000, 0x0000000100000000)
  eden space 54272K, 0% used [0x00000000e0000000,0x00000000e0000000,0x00000000e3500000)
  from space 6656K, 1% used [0x00000000e3500000,0x00000000e3520000,0x00000000e3b80000)
  to   space 7168K, 0% used [0x00000000e5a00000,0x00000000e5a00000,0x00000000e6100000)
 ParOldGen       total 32768K, used 16585K [0x00000000a0000000, 0x00000000a2000000, 0x00000000e0000000)
  object space 32768K, 50% used [0x00000000a0000000,0x00000000a10325f8,0x00000000a2000000)
 Metaspace       used 34706K, capacity 35360K, committed 35416K, reserved 1079296K
  class space    used 4706K, capacity 4977K, committed 4992K, reserved 1048576K
Event: 54.535 GC heap after
Heap after GC invocations=17 (full 2):
 PSYoungGen      total 60928K, used 0K [0x00000000e0000000, 0x00000000e6100000, 0x0000000100000000)
  eden space 54272K, 0% used [0x00000000e0000000,0x00000000e0000000,0x00000000e3500000)
  from space 6656K, 0% used [0x00000000e3500000,0x00000000e3500000,0x00000000e3b80000)
  to   space 7168K, 0% used [0x00000000e5a00000,0x00000000e5a00000,0x00000000e6100000)
 ParOldGen       total 43008K, used 14713K [0x00000000a0000000, 0x00000000a2a00000, 0x00000000e0000000)
  object space 43008K, 34% used [0x00000000a0000000,0x00000000a0e5e5b0,0x00000000a2a00000)
 Metaspace       used 34688K, capacity 35336K, committed 35416K, reserved 1079296K
  class space    used 4700K, capacity 4969K, committed 4992K, reserved 1048576K
}
Event: 81.679 GC heap before
{Heap before GC invocations=18 (full 2):
 PSYoungGen      total 60928K, used 54272K [0x00000000e0000000, 0x00000000e6100000, 0x0000000100000000)
  eden space 54272K, 100% used [0x00000000e0000000,0x00000000e3500000,0x00000000e3500000)
  from space 6656K, 0% used [0x00000000e3500000,0x00000000e3500000,0x00000000e3b80000)
  to   space 7168K, 0% used [0x00000000e5a00000,0x00000000e5a00000,0x00000000e6100000)
 ParOldGen       total 43008K, used 14713K [0x00000000a0000000, 0x00000000a2a00000, 0x00000000e0000000)
  object space 43008K, 34% used [0x00000000a0000000,0x00000000a0e5e5b0,0x00000000a2a00000)
 Metaspace       used 37256K, capacity 38032K, committed 38360K, reserved 1083392K
  class space    used 4991K, capacity 5297K, committed 5376K, reserved 1048576K
Event: 81.704 GC heap after
Heap after GC invocations=18 (full 2):
 PSYoungGen      total 87040K, used 3877K [0x00000000e0000000, 0x00000000e5e00000, 0x0000000100000000)
  eden space 82944K, 0% used [0x00000000e0000000,0x00000000e0000000,0x00000000e5100000)
  from space 4096K, 94% used [0x00000000e5a00000,0x00000000e5dc9400,0x00000000e5e00000)
  to   space 6656K, 0% used [0x00000000e5100000,0x00000000e5100000,0x00000000e5780000)
 ParOldGen       total 43008K, used 14721K [0x00000000a0000000, 0x00000000a2a00000, 0x00000000e0000000)
  object space 43008K, 34% used [0x00000000a0000000,0x00000000a0e605b0,0x00000000a2a00000)
 Metaspace       used 37256K, capacity 38032K, committed 38360K, reserved 1083392K
  class space    used 4991K, capacity 5297K, committed 5376K, reserved 1048576K
}
Event: 100.958 GC heap before
{Heap before GC invocations=19 (full 2):
 PSYoungGen      total 87040K, used 86821K [0x00000000e0000000, 0x00000000e5e00000, 0x0000000100000000)
  eden space 82944K, 100% used [0x00000000e0000000,0x00000000e5100000,0x00000000e5100000)
  from space 4096K, 94% used [0x00000000e5a00000,0x00000000e5dc9400,0x00000000e5e00000)
  to   space 6656K, 0% used [0x00000000e5100000,0x00000000e5100000,0x00000000e5780000)
 ParOldGen       total 43008K, used 14721K [0x00000000a0000000, 0x00000000a2a00000, 0x00000000e0000000)
  object space 43008K, 34% used [0x00000000a0000000,0x00000000a0e605b0,0x00000000a2a00000)
 Metaspace       used 44941K, capacity 45866K, committed 46168K, reserved 1089536K
  class space    used 5932K, capacity 6235K, committed 6272K, reserved 1048576K
Event: 101.018 GC heap after
Heap after GC invocations=19 (full 2):
 PSYoungGen      total 89600K, used 6649K [0x00000000e0000000, 0x00000000e7e00000, 0x0000000100000000)
  eden space 82944K, 0% used [0x00000000e0000000,0x00000000e0000000,0x00000000e5100000)
  from space 6656K, 99% used [0x00000000e5100000,0x00000000e577e6a0,0x00000000e5780000)
  to   space 9216K, 0% used [0x00000000e7500000,0x00000000e7500000,0x00000000e7e00000)
 ParOldGen       total 43008K, used 18367K [0x00000000a0000000, 0x00000000a2a00000, 0x00000000e0000000)
  object space 43008K, 42% used [0x00000000a0000000,0x00000000a11efe28,0x00000000a2a00000)
 Metaspace       used 44941K, capacity 45866K, committed 46168K, reserved 1089536K
  class space    used 5932K, capacity 6235K, committed 6272K, reserved 1048576K
}

